Using pre-set license
Built from '2022.3/release' branch; Version is '2022.3.5f1 (9674261d40ee) revision 9860134'; Using compiler version '192829333'; Build Type 'Release'
OS: 'Windows 10  (10.0.19045) 64bit Core' Language: 'es' Physical Memory: 32583 MB
BatchMode: 1, IsHumanControllingUs: 0, StartBugReporterOnCrash: 0, Is64bit: 1, IsPro: 1

COMMAND LINE ARGUMENTS:
C:\Program Files\Unity\Hub\Editor\2022.3.5f1\Editor\Unity.exe
-adb2
-batchMode
-noUpm
-name
AssetImportWorker2
-projectPath
C:/Users/MSI RAIDER/The Ast
-logFile
Logs/AssetImportWorker2.log
-srvPort
53202
Successfully changed project path to: C:/Users/MSI RAIDER/The Ast
C:/Users/MSI RAIDER/The Ast
[UnityMemory] Configuration Parameters - Can be set up in boot.config
    "memorysetup-bucket-allocator-granularity=16"
    "memorysetup-bucket-allocator-bucket-count=8"
    "memorysetup-bucket-allocator-block-size=33554432"
    "memorysetup-bucket-allocator-block-count=8"
    "memorysetup-main-allocator-block-size=16777216"
    "memorysetup-thread-allocator-block-size=16777216"
    "memorysetup-gfx-main-allocator-block-size=16777216"
    "memorysetup-gfx-thread-allocator-block-size=16777216"
    "memorysetup-cache-allocator-block-size=4194304"
    "memorysetup-typetree-allocator-block-size=2097152"
    "memorysetup-profiler-bucket-allocator-granularity=16"
    "memorysetup-profiler-bucket-allocator-bucket-count=8"
    "memorysetup-profiler-bucket-allocator-block-size=33554432"
    "memorysetup-profiler-bucket-allocator-block-count=8"
    "memorysetup-profiler-allocator-block-size=16777216"
    "memorysetup-profiler-editor-allocator-block-size=1048576"
    "memorysetup-temp-allocator-size-main=16777216"
    "memorysetup-job-temp-allocator-block-size=2097152"
    "memorysetup-job-temp-allocator-block-size-background=1048576"
    "memorysetup-job-temp-allocator-reduction-small-platforms=262144"
    "memorysetup-allocator-temp-initial-block-size-main=262144"
    "memorysetup-allocator-temp-initial-block-size-worker=262144"
    "memorysetup-temp-allocator-size-background-worker=32768"
    "memorysetup-temp-allocator-size-job-worker=262144"
    "memorysetup-temp-allocator-size-preload-manager=33554432"
    "memorysetup-temp-allocator-size-nav-mesh-worker=65536"
    "memorysetup-temp-allocator-size-audio-worker=65536"
    "memorysetup-temp-allocator-size-cloud-worker=32768"
    "memorysetup-temp-allocator-size-gi-baking-worker=262144"
    "memorysetup-temp-allocator-size-gfx=262144"
Player connection [28208] Host "[IP] 192.168.1.13 [Port] 0 [Flags] 2 [Guid] 187299994 [EditorId] 187299994 [Version] 1048832 [Id] WindowsEditor(7,MSI) [Debug] 1 [PackageName] WindowsEditor [ProjectName] Editor" joined multi-casting on [225.0.0.222:54997]...

Player connection [28208] Host "[IP] 192.168.1.13 [Port] 0 [Flags] 2 [Guid] 187299994 [EditorId] 187299994 [Version] 1048832 [Id] WindowsEditor(7,MSI) [Debug] 1 [PackageName] WindowsEditor [ProjectName] Editor" joined alternative multi-casting on [225.0.0.222:34997]...

Refreshing native plugins compatible for Editor in 85.80 ms, found 3 plugins.
Preloading 0 native plugins for Editor in 0.00 ms.
Initialize engine version: 2022.3.5f1 (9674261d40ee)
[Subsystems] Discovering subsystems at path C:/Program Files/Unity/Hub/Editor/2022.3.5f1/Editor/Data/Resources/UnitySubsystems
[Subsystems] Discovering subsystems at path C:/Users/MSI RAIDER/The Ast/Assets
GfxDevice: creating device client; threaded=0; jobified=0
Direct3D:
    Version:  Direct3D 11.0 [level 11.1]
    Renderer: NVIDIA GeForce RTX 2070 Super (ID=0x1e91)
    Vendor:   NVIDIA
    VRAM:     8003 MB
    Driver:   31.0.15.4592
Initialize mono
Mono path[0] = 'C:/Program Files/Unity/Hub/Editor/2022.3.5f1/Editor/Data/Managed'
Mono path[1] = 'C:/Program Files/Unity/Hub/Editor/2022.3.5f1/Editor/Data/MonoBleedingEdge/lib/mono/unityjit-win32'
Mono config path = 'C:/Program Files/Unity/Hub/Editor/2022.3.5f1/Editor/Data/MonoBleedingEdge/etc'
Using monoOptions --debugger-agent=transport=dt_socket,embedding=1,server=y,suspend=n,address=127.0.0.1:56640
Begin MonoManager ReloadAssembly
Registering precompiled unity dll's ...
Register platform support module: C:/Program Files/Unity/Hub/Editor/2022.3.5f1/Editor/Data/PlaybackEngines/WebGLSupport/UnityEditor.WebGL.Extensions.dll
Register platform support module: C:/Program Files/Unity/Hub/Editor/2022.3.5f1/Editor/Data/PlaybackEngines/WindowsStandaloneSupport/UnityEditor.WindowsStandalone.Extensions.dll
Registered in 0.015352 seconds.
- Loaded All Assemblies, in  0.883 seconds
Native extension for WindowsStandalone target not found
Native extension for WebGL target not found
Mono: successfully reloaded assembly
- Finished resetting the current domain, in  0.323 seconds
Domain Reload Profiling: 1203ms
	BeginReloadAssembly (105ms)
		ExecutionOrderSort (0ms)
		DisableScriptedObjects (0ms)
		BackupInstance (0ms)
		ReleaseScriptingObjects (0ms)
		CreateAndSetChildDomain (1ms)
	RebuildCommonClasses (224ms)
	RebuildNativeTypeToScriptingClass (12ms)
	initialDomainReloadingComplete (78ms)
	LoadAllAssembliesAndSetupDomain (460ms)
		LoadAssemblies (103ms)
		RebuildTransferFunctionScriptingTraits (0ms)
		AnalyzeDomain (451ms)
			TypeCache.Refresh (450ms)
				TypeCache.ScanAssembly (350ms)
			ScanForSourceGeneratedMonoScriptInfo (0ms)
			ResolveRequiredComponents (0ms)
	FinalizeReload (323ms)
		ReleaseScriptCaches (0ms)
		RebuildScriptCaches (0ms)
		SetupLoadedEditorAssemblies (249ms)
			LogAssemblyErrors (0ms)
			InitializePlatformSupportModulesInManaged (14ms)
			SetLoadedEditorAssemblies (6ms)
			RefreshPlugins (0ms)
			BeforeProcessingInitializeOnLoad (2ms)
			ProcessInitializeOnLoadAttributes (169ms)
			ProcessInitializeOnLoadMethodAttributes (58ms)
			AfterProcessingInitializeOnLoad (0ms)
			EditorAssembliesLoaded (0ms)
		ExecutionOrderSort2 (0ms)
		AwakeInstancesAfterBackupRestoration (0ms)
========================================================================
Worker process is ready to serve import requests
Begin MonoManager ReloadAssembly
Symbol file LoadedFromMemory doesn't match image C:\Users\MSI RAIDER\The Ast\Library\PackageCache\com.unity.visualscripting@1.8.0\Editor\VisualScripting.Core\Dependencies\YamlDotNet\Unity.VisualScripting.YamlDotNet.dll
Symbol file LoadedFromMemory doesn't match image C:\Users\MSI RAIDER\The Ast\Library\PackageCache\com.unity.visualscripting@1.8.0\Editor\VisualScripting.Core\Dependencies\DotNetZip\Unity.VisualScripting.IonicZip.dll
- Loaded All Assemblies, in  0.901 seconds
Refreshing native plugins compatible for Editor in 3.44 ms, found 3 plugins.
Native extension for WindowsStandalone target not found
Native extension for WebGL target not found
Mono: successfully reloaded assembly
- Finished resetting the current domain, in  0.582 seconds
Domain Reload Profiling: 1479ms
	BeginReloadAssembly (198ms)
		ExecutionOrderSort (0ms)
		DisableScriptedObjects (9ms)
		BackupInstance (0ms)
		ReleaseScriptingObjects (0ms)
		CreateAndSetChildDomain (44ms)
	RebuildCommonClasses (43ms)
	RebuildNativeTypeToScriptingClass (17ms)
	initialDomainReloadingComplete (51ms)
	LoadAllAssembliesAndSetupDomain (587ms)
		LoadAssemblies (325ms)
		RebuildTransferFunctionScriptingTraits (0ms)
		AnalyzeDomain (348ms)
			TypeCache.Refresh (328ms)
				TypeCache.ScanAssembly (312ms)
			ScanForSourceGeneratedMonoScriptInfo (15ms)
			ResolveRequiredComponents (5ms)
	FinalizeReload (582ms)
		ReleaseScriptCaches (0ms)
		RebuildScriptCaches (0ms)
		SetupLoadedEditorAssemblies (402ms)
			LogAssemblyErrors (0ms)
			InitializePlatformSupportModulesInManaged (10ms)
			SetLoadedEditorAssemblies (5ms)
			RefreshPlugins (0ms)
			BeforeProcessingInitializeOnLoad (69ms)
			ProcessInitializeOnLoadAttributes (281ms)
			ProcessInitializeOnLoadMethodAttributes (21ms)
			AfterProcessingInitializeOnLoad (15ms)
			EditorAssembliesLoaded (0ms)
		ExecutionOrderSort2 (0ms)
		AwakeInstancesAfterBackupRestoration (13ms)
Launched and connected shader compiler UnityShaderCompiler.exe after 0.05 seconds
Refreshing native plugins compatible for Editor in 3.64 ms, found 3 plugins.
Preloading 0 native plugins for Editor in 0.00 ms.
Unloading 3133 Unused Serialized files (Serialized files now loaded: 0)
Unloading 31 unused Assets / (56.4 KB). Loaded Objects now: 3599.
Memory consumption went from 196.9 MB to 196.9 MB.
Total: 2.884900 ms (FindLiveObjects: 0.234800 ms CreateObjectMapping: 0.209300 ms MarkObjects: 2.320800 ms  DeleteObjects: 0.119300 ms)

AssetImportParameters requested are different than current active one (requested -> active):
  custom:scripting/monoscript/fileName/PickUpObject.cs: fa5f1c9a3cf7d688b47733dbca26fc53 -> dbf6a95d0c0a5672c4de11b6a2dab3e0
  custom:container-demuxer-ogg: 62fdf1f143b41e24485cea50d1cbac27 -> 
  custom:video-decoder-ogg-theora: a1e56fd34408186e4bbccfd4996cb3dc -> 
  custom:scripting/monoscript/fileName/StatisticsPlayer.cs: 9dc10df0d1a07f4f229877358b0c6be0 -> 204cbde7408436f22d97f05c7fdba6d3
  custom:framework-win-MediaFoundation: 216162199b28c13a410421893ffa2e32 -> 
  custom:scripting/monoscript/fileName/PlayerController.cs: 5bb3fdd25abedb90511c7231fb5a2164 -> 007e2e63cbf915a2b71612a7f593548a
  custom:CustomObjectIndexerAttribute: 756ad292c208cfabdd7b50bc23989ffe -> 
  custom:scripting/monoscript/fileName/InventPlayer.cs: d7d940b1c10e8684db219f313df1d5cc -> 
  custom:container-demuxer-webm: 4f35f7cbe854078d1ac9338744f61a02 -> 
  custom:scripting/monoscript/fileName/Meet.cs: 3987a1b2d388dcfcfaa0805aad6fa500 -> 
  custom:container-muxer-webm: aa71ff27fc2769a1b78a27578f13a17b -> 
  custom:video-decoder-webm-vp8: 9c59270c3fd7afecdb556c50c9e8de78 -> 
  custom:AudioImporter_EditorPlatform: d09bf68614088b80899f8185d706f6e7 -> 
  custom:scripting/monoscript/fileName/PickObject.cs: b2492663c0540cd6213684a6f2a92858 -> 319343e0b2f4e83089152678edf55479
  custom:scripting/monoscript/fileName/MakeDamage.cs: 5192522f9490de8cf015574809a20461 -> 964effd5337fe5e3f041ecb09e9b7f95
  custom:video-encoder-webm-vp8: eb34c28f22e8b96e1ab97ce403110664 -> 
  custom:audio-decoder-ogg-vorbis: bf7c407c2cedff20999df2af8eb42d56 -> 
  custom:scripting/monoscript/fileName/DescriptionUI1.cs: 9de127c5e9c4e4da255d3a63ceb0b709 -> 
  custom:scripting/monoscript/fileName/ThirdPersonCamera.cs: 2c2025ecb22a29d0f156eb7b1f1b7100 -> 559e98b455aa331e3dbbc4a3e05e36cf
  custom:audio-encoder-webm-vorbis: bf7c407c2cedff20999df2af8eb42d56 -> 
========================================================================
Received Import Request.
  Time since last request: 66949.572035 seconds.
  path: Assets/02_Prefabs/Enemys_prefab
  artifactKey: Guid(27e12fd0b48c9fc4891812ebb9980a89) Importer(815301076,1909f56bfc062723c751e8b465ee728b)
Start importing Assets/02_Prefabs/Enemys_prefab using Guid(27e12fd0b48c9fc4891812ebb9980a89) Importer(815301076,1909f56bfc062723c751e8b465ee728b)  -> (artifact id: 'dfffe4c75abfd20be9beb8f4549c2b0b') in 0.002550 seconds
Number of updated asset objects reloaded before import = 0
Number of asset objects unloaded after import = 0
========================================================================
Received Import Request.
  Time since last request: 0.345291 seconds.
  path: Assets/02_Prefabs/Enemys_prefab/Enemy.prefab
  artifactKey: Guid(0ad43164083d4ee47ab1edbc8f281c96) Importer(815301076,1909f56bfc062723c751e8b465ee728b)
Start importing Assets/02_Prefabs/Enemys_prefab/Enemy.prefab using Guid(0ad43164083d4ee47ab1edbc8f281c96) Importer(815301076,1909f56bfc062723c751e8b465ee728b) The Animator Controller (AC_EnemyController) you have used is not valid. Animations will not play
UnityEngine.StackTraceUtility:ExtractStackTrace ()
UnityEditor.EditorUtility:Internal_InstantiateRemoveAllNonAnimationComponentsSingle (UnityEngine.Object,UnityEngine.Vector3,UnityEngine.Quaternion)
UnityEditor.EditorUtility:InstantiateRemoveAllNonAnimationComponents (UnityEngine.Object,UnityEngine.Vector3,UnityEngine.Quaternion)
UnityEditor.EditorUtility:InstantiateForAnimatorPreview (UnityEngine.Object)
UnityEditor.GameObjectInspector/PreviewData:UpdateGameObject (UnityEngine.Object)
UnityEditor.GameObjectInspector/PreviewData:.ctor (UnityEngine.Object,bool)
UnityEditor.GameObjectInspector:GetPreviewData (bool)
UnityEditor.GameObjectInspector:RenderStaticPreview (string,UnityEngine.Object[],int,int)
UnityEditor.AssetPreviewUpdater:CreatePreview (UnityEngine.Object,UnityEngine.Object[],string,int,int)
UnityEditor.AssetPreviewUpdater:CreatePreviewForAsset (UnityEngine.Object,UnityEngine.Object[],string)

[C:\build\output\unity\unity\Modules\Animation\Director\AnimatorControllerPlayable.cpp line 333]

The Animator Controller (AC_EnemyController) you have used is not valid. Animations will not play
UnityEngine.StackTraceUtility:ExtractStackTrace ()
UnityEngine.SceneManagement.SceneManager:MoveGameObjectToScene (UnityEngine.GameObject,UnityEngine.SceneManagement.Scene)
UnityEditor.PreviewScene:AddManagedGO (UnityEngine.GameObject)
UnityEditor.PreviewRenderUtility:AddManagedGO (UnityEngine.GameObject)
UnityEditor.GameObjectInspector/PreviewData:UpdateGameObject (UnityEngine.Object)
UnityEditor.GameObjectInspector/PreviewData:.ctor (UnityEngine.Object,bool)
UnityEditor.GameObjectInspector:GetPreviewData (bool)
UnityEditor.GameObjectInspector:RenderStaticPreview (string,UnityEngine.Object[],int,int)
UnityEditor.AssetPreviewUpdater:CreatePreview (UnityEngine.Object,UnityEngine.Object[],string,int,int)
UnityEditor.AssetPreviewUpdater:CreatePreviewForAsset (UnityEngine.Object,UnityEngine.Object[],string)

[C:\build\output\unity\unity\Modules\Animation\Director\AnimatorControllerPlayable.cpp line 333]

 -> (artifact id: '770308adbe139757e0319d3256a577ca') in 0.121900 seconds
Internal: There are remaining Allocations on the JobTempAlloc. This is a leak, and will impact performance
To Debug, run app with -diag-job-temp-memory-leak-validation cmd line argument. This will output the callstacks of the leaked allocations.
Number of updated asset objects reloaded before import = 0
Number of asset objects unloaded after import = 120
========================================================================
Received Import Request.
  Time since last request: 5.662167 seconds.
  path: Assets/02_Prefabs/Enemys_prefab/Enemy_wolf.prefab
  artifactKey: Guid(0ad43164083d4ee47ab1edbc8f281c96) Importer(815301076,1909f56bfc062723c751e8b465ee728b)
Start importing Assets/02_Prefabs/Enemys_prefab/Enemy_wolf.prefab using Guid(0ad43164083d4ee47ab1edbc8f281c96) Importer(815301076,1909f56bfc062723c751e8b465ee728b) The Animator Controller (AC_EnemyController) you have used is not valid. Animations will not play
UnityEngine.StackTraceUtility:ExtractStackTrace ()
UnityEditor.EditorUtility:Internal_InstantiateRemoveAllNonAnimationComponentsSingle (UnityEngine.Object,UnityEngine.Vector3,UnityEngine.Quaternion)
UnityEditor.EditorUtility:InstantiateRemoveAllNonAnimationComponents (UnityEngine.Object,UnityEngine.Vector3,UnityEngine.Quaternion)
UnityEditor.EditorUtility:InstantiateForAnimatorPreview (UnityEngine.Object)
UnityEditor.GameObjectInspector/PreviewData:UpdateGameObject (UnityEngine.Object)
UnityEditor.GameObjectInspector/PreviewData:.ctor (UnityEngine.Object,bool)
UnityEditor.GameObjectInspector:GetPreviewData (bool)
UnityEditor.GameObjectInspector:RenderStaticPreview (string,UnityEngine.Object[],int,int)
UnityEditor.AssetPreviewUpdater:CreatePreview (UnityEngine.Object,UnityEngine.Object[],string,int,int)
UnityEditor.AssetPreviewUpdater:CreatePreviewForAsset (UnityEngine.Object,UnityEngine.Object[],string)

[C:\build\output\unity\unity\Modules\Animation\Director\AnimatorControllerPlayable.cpp line 333]

The Animator Controller (AC_EnemyController) you have used is not valid. Animations will not play
UnityEngine.StackTraceUtility:ExtractStackTrace ()
UnityEngine.SceneManagement.SceneManager:MoveGameObjectToScene (UnityEngine.GameObject,UnityEngine.SceneManagement.Scene)
UnityEditor.PreviewScene:AddManagedGO (UnityEngine.GameObject)
UnityEditor.PreviewRenderUtility:AddManagedGO (UnityEngine.GameObject)
UnityEditor.GameObjectInspector/PreviewData:UpdateGameObject (UnityEngine.Object)
UnityEditor.GameObjectInspector/PreviewData:.ctor (UnityEngine.Object,bool)
UnityEditor.GameObjectInspector:GetPreviewData (bool)
UnityEditor.GameObjectInspector:RenderStaticPreview (string,UnityEngine.Object[],int,int)
UnityEditor.AssetPreviewUpdater:CreatePreview (UnityEngine.Object,UnityEngine.Object[],string,int,int)
UnityEditor.AssetPreviewUpdater:CreatePreviewForAsset (UnityEngine.Object,UnityEngine.Object[],string)

[C:\build\output\unity\unity\Modules\Animation\Director\AnimatorControllerPlayable.cpp line 333]

 -> (artifact id: 'd1d9de777cfdfd299dbc0427c9be2e69') in 0.015275 seconds
Internal: There are remaining Allocations on the JobTempAlloc. This is a leak, and will impact performance
To Debug, run app with -diag-job-temp-memory-leak-validation cmd line argument. This will output the callstacks of the leaked allocations.
Number of updated asset objects reloaded before import = 0
Number of asset objects unloaded after import = 120
========================================================================
Received Import Request.
  Time since last request: 38.597097 seconds.
  path: Assets/03_Sprites/caracolAnim
  artifactKey: Guid(5257be8b3eeaac949bbb3619e2834353) Importer(815301076,1909f56bfc062723c751e8b465ee728b)
Start importing Assets/03_Sprites/caracolAnim using Guid(5257be8b3eeaac949bbb3619e2834353) Importer(815301076,1909f56bfc062723c751e8b465ee728b)  -> (artifact id: '13c1316d92a5f3cdfee5c45000565c45') in 0.000569 seconds
Internal: There are remaining Allocations on the JobTempAlloc. This is a leak, and will impact performance
To Debug, run app with -diag-job-temp-memory-leak-validation cmd line argument. This will output the callstacks of the leaked allocations.
Number of updated asset objects reloaded before import = 0
Number of asset objects unloaded after import = 0
========================================================================
Received Import Request.
  Time since last request: 1.725773 seconds.
  path: Assets/03_Sprites/caracolAnim/Caracol.dae
  artifactKey: Guid(3b248f5a93b42f544935b6d6d5bd6af1) Importer(815301076,1909f56bfc062723c751e8b465ee728b)
Start importing Assets/03_Sprites/caracolAnim/Caracol.dae using Guid(3b248f5a93b42f544935b6d6d5bd6af1) Importer(815301076,1909f56bfc062723c751e8b465ee728b)  -> (artifact id: '4b7aa14d20bb5f46f3e755f2363b9c3b') in 0.088089 seconds
Internal: There are remaining Allocations on the JobTempAlloc. This is a leak, and will impact performance
To Debug, run app with -diag-job-temp-memory-leak-validation cmd line argument. This will output the callstacks of the leaked allocations.
Number of updated asset objects reloaded before import = 0
Number of asset objects unloaded after import = 37
========================================================================
Received Import Request.
  Time since last request: 129.575703 seconds.
  path: Assets/03_Sprites/caracolAnim/Take 001.anim
  artifactKey: Guid(fb5180414e465a34cb043cf20447abf0) Importer(815301076,1909f56bfc062723c751e8b465ee728b)
Start importing Assets/03_Sprites/caracolAnim/Take 001.anim using Guid(fb5180414e465a34cb043cf20447abf0) Importer(815301076,1909f56bfc062723c751e8b465ee728b)  -> (artifact id: '0654bca075a8c6777538935092208f37') in 0.003143 seconds
Internal: There are remaining Allocations on the JobTempAlloc. This is a leak, and will impact performance
To Debug, run app with -diag-job-temp-memory-leak-validation cmd line argument. This will output the callstacks of the leaked allocations.
Number of updated asset objects reloaded before import = 0
Number of asset objects unloaded after import = 1
========================================================================
Received Import Request.
  Time since last request: 4.441662 seconds.
  path: Assets/03_Sprites/caracolAnim/Idle.anim
  artifactKey: Guid(fb5180414e465a34cb043cf20447abf0) Importer(815301076,1909f56bfc062723c751e8b465ee728b)
Start importing Assets/03_Sprites/caracolAnim/Idle.anim using Guid(fb5180414e465a34cb043cf20447abf0) Importer(815301076,1909f56bfc062723c751e8b465ee728b)  -> (artifact id: 'b6ab29a70c772846aabde13b22363974') in 0.002605 seconds
Internal: There are remaining Allocations on the JobTempAlloc. This is a leak, and will impact performance
To Debug, run app with -diag-job-temp-memory-leak-validation cmd line argument. This will output the callstacks of the leaked allocations.
Number of updated asset objects reloaded before import = 0
Number of asset objects unloaded after import = 1
========================================================================
Received Import Request.
  Time since last request: 15.206231 seconds.
  path: Assets/03_Sprites/caracolAnim/CaracolWalk.dae
  artifactKey: Guid(ead0176bd3eb8b74897144217a46a77e) Importer(815301076,1909f56bfc062723c751e8b465ee728b)
Start importing Assets/03_Sprites/caracolAnim/CaracolWalk.dae using Guid(ead0176bd3eb8b74897144217a46a77e) Importer(815301076,1909f56bfc062723c751e8b465ee728b)  -> (artifact id: '38115508b7908705bb45bc8709de6514') in 0.061252 seconds
Internal: JobTempAlloc has allocations that are more than the maximum lifespan of 4 frames old - this is not allowed and likely a leak
To Debug, run app with -diag-job-temp-memory-leak-validation cmd line argument. This will output the callstacks of the leaked allocations.
Internal: There are remaining Allocations on the JobTempAlloc. This is a leak, and will impact performance
To Debug, run app with -diag-job-temp-memory-leak-validation cmd line argument. This will output the callstacks of the leaked allocations.
Number of updated asset objects reloaded before import = 0
Number of asset objects unloaded after import = 37
========================================================================
Received Import Request.
  Time since last request: 0.942975 seconds.
  path: Assets/03_Sprites/caracolAnim/Take 001.anim
  artifactKey: Guid(4d827cd21c511a049aab22c5d487cc9d) Importer(815301076,1909f56bfc062723c751e8b465ee728b)
Start importing Assets/03_Sprites/caracolAnim/Take 001.anim using Guid(4d827cd21c511a049aab22c5d487cc9d) Importer(815301076,1909f56bfc062723c751e8b465ee728b)  -> (artifact id: '51705055557bede83c59f109d3ad9d1b') in 0.001991 seconds
Internal: There are remaining Allocations on the JobTempAlloc. This is a leak, and will impact performance
To Debug, run app with -diag-job-temp-memory-leak-validation cmd line argument. This will output the callstacks of the leaked allocations.
Number of updated asset objects reloaded before import = 0
Number of asset objects unloaded after import = 1
========================================================================
Received Import Request.
  Time since last request: 7.310915 seconds.
  path: Assets/03_Sprites/caracolAnim/Walk.anim
  artifactKey: Guid(4d827cd21c511a049aab22c5d487cc9d) Importer(815301076,1909f56bfc062723c751e8b465ee728b)
Start importing Assets/03_Sprites/caracolAnim/Walk.anim using Guid(4d827cd21c511a049aab22c5d487cc9d) Importer(815301076,1909f56bfc062723c751e8b465ee728b)  -> (artifact id: 'dff092536fbf4a046a7df738611be8ad') in 0.001977 seconds
Internal: There are remaining Allocations on the JobTempAlloc. This is a leak, and will impact performance
To Debug, run app with -diag-job-temp-memory-leak-validation cmd line argument. This will output the callstacks of the leaked allocations.
Number of updated asset objects reloaded before import = 0
Number of asset objects unloaded after import = 1
========================================================================
Received Import Request.
  Time since last request: 4.683738 seconds.
  path: Assets/03_Sprites/caracolAnim/CaracolAttack.dae
  artifactKey: Guid(2e4bc9ed856e25246bbde6737ae75350) Importer(815301076,1909f56bfc062723c751e8b465ee728b)
Start importing Assets/03_Sprites/caracolAnim/CaracolAttack.dae using Guid(2e4bc9ed856e25246bbde6737ae75350) Importer(815301076,1909f56bfc062723c751e8b465ee728b)  -> (artifact id: 'd5aca9d90ac919acaa6768ec31a4cdcf') in 0.062564 seconds
Internal: There are remaining Allocations on the JobTempAlloc. This is a leak, and will impact performance
To Debug, run app with -diag-job-temp-memory-leak-validation cmd line argument. This will output the callstacks of the leaked allocations.
Number of updated asset objects reloaded before import = 0
Number of asset objects unloaded after import = 37
========================================================================
Received Import Request.
  Time since last request: 0.844294 seconds.
  path: Assets/03_Sprites/caracolAnim/Take 001.anim
  artifactKey: Guid(f629bae3459f533448c860480c706d9a) Importer(815301076,1909f56bfc062723c751e8b465ee728b)
Start importing Assets/03_Sprites/caracolAnim/Take 001.anim using Guid(f629bae3459f533448c860480c706d9a) Importer(815301076,1909f56bfc062723c751e8b465ee728b)  -> (artifact id: 'e11ac5efff2e21a2304062373a90fc5d') in 0.001972 seconds
Internal: There are remaining Allocations on the JobTempAlloc. This is a leak, and will impact performance
To Debug, run app with -diag-job-temp-memory-leak-validation cmd line argument. This will output the callstacks of the leaked allocations.
Number of updated asset objects reloaded before import = 0
Number of asset objects unloaded after import = 1
========================================================================
Received Import Request.
  Time since last request: 13.427819 seconds.
  path: Assets/03_Sprites/caracolAnim/Attack.anim
  artifactKey: Guid(f629bae3459f533448c860480c706d9a) Importer(815301076,1909f56bfc062723c751e8b465ee728b)
Start importing Assets/03_Sprites/caracolAnim/Attack.anim using Guid(f629bae3459f533448c860480c706d9a) Importer(815301076,1909f56bfc062723c751e8b465ee728b)  -> (artifact id: 'ad25d83190aa8211d989359f3c198e59') in 0.001939 seconds
Internal: There are remaining Allocations on the JobTempAlloc. This is a leak, and will impact performance
To Debug, run app with -diag-job-temp-memory-leak-validation cmd line argument. This will output the callstacks of the leaked allocations.
Number of updated asset objects reloaded before import = 0
Number of asset objects unloaded after import = 1
========================================================================
Received Import Request.
  Time since last request: 12.249799 seconds.
  path: Assets/03_Sprites/caracolAnim/CaracolAppear.dae
  artifactKey: Guid(fd5067125e46d7340a9214fb7584c140) Importer(815301076,1909f56bfc062723c751e8b465ee728b)
Start importing Assets/03_Sprites/caracolAnim/CaracolAppear.dae using Guid(fd5067125e46d7340a9214fb7584c140) Importer(815301076,1909f56bfc062723c751e8b465ee728b)  -> (artifact id: '3b9630cdf73866291ce49ba47dee7c18') in 0.057453 seconds
Internal: There are remaining Allocations on the JobTempAlloc. This is a leak, and will impact performance
To Debug, run app with -diag-job-temp-memory-leak-validation cmd line argument. This will output the callstacks of the leaked allocations.
Number of updated asset objects reloaded before import = 0
Number of asset objects unloaded after import = 37
========================================================================
Received Import Request.
  Time since last request: 6.480078 seconds.
  path: Assets/03_Sprites/caracolAnim/Take 001.anim
  artifactKey: Guid(2f876095f4c3b034aa19d2261c6049c6) Importer(815301076,1909f56bfc062723c751e8b465ee728b)
Start importing Assets/03_Sprites/caracolAnim/Take 001.anim using Guid(2f876095f4c3b034aa19d2261c6049c6) Importer(815301076,1909f56bfc062723c751e8b465ee728b)  -> (artifact id: '75bd91c991ff641f19a84b228985c3f6') in 0.002857 seconds
Internal: There are remaining Allocations on the JobTempAlloc. This is a leak, and will impact performance
To Debug, run app with -diag-job-temp-memory-leak-validation cmd line argument. This will output the callstacks of the leaked allocations.
Number of updated asset objects reloaded before import = 0
Number of asset objects unloaded after import = 1
========================================================================
Received Import Request.
  Time since last request: 5.004630 seconds.
  path: Assets/03_Sprites/caracolAnim/Appear.anim
  artifactKey: Guid(2f876095f4c3b034aa19d2261c6049c6) Importer(815301076,1909f56bfc062723c751e8b465ee728b)
Start importing Assets/03_Sprites/caracolAnim/Appear.anim using Guid(2f876095f4c3b034aa19d2261c6049c6) Importer(815301076,1909f56bfc062723c751e8b465ee728b)  -> (artifact id: 'bb8e5affc9b9c283076c760d59d510b9') in 0.001902 seconds
Internal: There are remaining Allocations on the JobTempAlloc. This is a leak, and will impact performance
To Debug, run app with -diag-job-temp-memory-leak-validation cmd line argument. This will output the callstacks of the leaked allocations.
Number of updated asset objects reloaded before import = 0
Number of asset objects unloaded after import = 1
========================================================================
Received Import Request.
  Time since last request: 56.678490 seconds.
  path: Assets/04_Anim/Enemys/AC_EnemyCaracolController.controller
  artifactKey: Guid(0c4f9dcf002869240b0eb54f94804438) Importer(815301076,1909f56bfc062723c751e8b465ee728b)
Start importing Assets/04_Anim/Enemys/AC_EnemyCaracolController.controller using Guid(0c4f9dcf002869240b0eb54f94804438) Importer(815301076,1909f56bfc062723c751e8b465ee728b)  -> (artifact id: '963e5aae2ca2f4ad32ba0b80afa8c75d') in 0.001138 seconds
Internal: There are remaining Allocations on the JobTempAlloc. This is a leak, and will impact performance
To Debug, run app with -diag-job-temp-memory-leak-validation cmd line argument. This will output the callstacks of the leaked allocations.
Number of updated asset objects reloaded before import = 0
Number of asset objects unloaded after import = 1
========================================================================
Received Import Request.
  Time since last request: 257.775047 seconds.
  path: Assets/03_Sprites/Player/Player/PlayerAnim/PlayerAnim.Attack.vxa
  artifactKey: Guid(1e4a69f4a418464489d253117d83d63b) Importer(815301076,1909f56bfc062723c751e8b465ee728b)
Start importing Assets/03_Sprites/Player/Player/PlayerAnim/PlayerAnim.Attack.vxa using Guid(1e4a69f4a418464489d253117d83d63b) Importer(815301076,1909f56bfc062723c751e8b465ee728b)  -> (artifact id: '37ed0dcc85ccb432132c279ce8ff9593') in 0.001028 seconds
Internal: There are remaining Allocations on the JobTempAlloc. This is a leak, and will impact performance
To Debug, run app with -diag-job-temp-memory-leak-validation cmd line argument. This will output the callstacks of the leaked allocations.
Number of updated asset objects reloaded before import = 0
Number of asset objects unloaded after import = 1
========================================================================
Received Import Request.
  Time since last request: 40.058010 seconds.
  path: Assets/03_Sprites/PlayerAnim
  artifactKey: Guid(e0699a12088ce164b800b521a652a105) Importer(815301076,1909f56bfc062723c751e8b465ee728b)
Start importing Assets/03_Sprites/PlayerAnim using Guid(e0699a12088ce164b800b521a652a105) Importer(815301076,1909f56bfc062723c751e8b465ee728b)  -> (artifact id: 'd1bda6fa64aa9270691c6391eeeec179') in 0.000518 seconds
Internal: There are remaining Allocations on the JobTempAlloc. This is a leak, and will impact performance
To Debug, run app with -diag-job-temp-memory-leak-validation cmd line argument. This will output the callstacks of the leaked allocations.
Number of updated asset objects reloaded before import = 0
Number of asset objects unloaded after import = 0
========================================================================
Received Import Request.
  Time since last request: 6.120233 seconds.
  path: Assets/03_Sprites/PlayerAnim/PlayerAnimAttck.dae
  artifactKey: Guid(67ea1f366d377394ca6665252926b34a) Importer(815301076,1909f56bfc062723c751e8b465ee728b)
Start importing Assets/03_Sprites/PlayerAnim/PlayerAnimAttck.dae using Guid(67ea1f366d377394ca6665252926b34a) Importer(815301076,1909f56bfc062723c751e8b465ee728b)  -> (artifact id: 'a6575b492dac6028c78ae1ff65c4feb1') in 0.157684 seconds
Internal: There are remaining Allocations on the JobTempAlloc. This is a leak, and will impact performance
To Debug, run app with -diag-job-temp-memory-leak-validation cmd line argument. This will output the callstacks of the leaked allocations.
Number of updated asset objects reloaded before import = 0
Number of asset objects unloaded after import = 117
========================================================================
Received Import Request.
  Time since last request: 0.836234 seconds.
  path: Assets/03_Sprites/PlayerAnim/Take 001.anim
  artifactKey: Guid(bf8318c09da8f784aa41adc6926b3d38) Importer(815301076,1909f56bfc062723c751e8b465ee728b)
Start importing Assets/03_Sprites/PlayerAnim/Take 001.anim using Guid(bf8318c09da8f784aa41adc6926b3d38) Importer(815301076,1909f56bfc062723c751e8b465ee728b)  -> (artifact id: '58ec00847b885a16da6c2199b711960d') in 0.005809 seconds
Internal: There are remaining Allocations on the JobTempAlloc. This is a leak, and will impact performance
To Debug, run app with -diag-job-temp-memory-leak-validation cmd line argument. This will output the callstacks of the leaked allocations.
Number of updated asset objects reloaded before import = 0
Number of asset objects unloaded after import = 1
========================================================================
Received Import Request.
  Time since last request: 7.603725 seconds.
  path: Assets/03_Sprites/PlayerAnim/AttackPlayer.anim
  artifactKey: Guid(bf8318c09da8f784aa41adc6926b3d38) Importer(815301076,1909f56bfc062723c751e8b465ee728b)
Start importing Assets/03_Sprites/PlayerAnim/AttackPlayer.anim using Guid(bf8318c09da8f784aa41adc6926b3d38) Importer(815301076,1909f56bfc062723c751e8b465ee728b)  -> (artifact id: '99e0e05fd8da407627163a349df08dae') in 0.005433 seconds
Internal: There are remaining Allocations on the JobTempAlloc. This is a leak, and will impact performance
To Debug, run app with -diag-job-temp-memory-leak-validation cmd line argument. This will output the callstacks of the leaked allocations.
Number of updated asset objects reloaded before import = 0
Number of asset objects unloaded after import = 1
========================================================================
Received Import Request.
  Time since last request: 22.343890 seconds.
  path: Assets/04_Anim/Player/Player-Ac.controller
  artifactKey: Guid(89efa107926bc3f40a6fd0f31d1d61b5) Importer(815301076,1909f56bfc062723c751e8b465ee728b)
Start importing Assets/04_Anim/Player/Player-Ac.controller using Guid(89efa107926bc3f40a6fd0f31d1d61b5) Importer(815301076,1909f56bfc062723c751e8b465ee728b)  -> (artifact id: '51bf2186eea0bb6e8e1eee05b64758a1') in 0.057692 seconds
Internal: There are remaining Allocations on the JobTempAlloc. This is a leak, and will impact performance
To Debug, run app with -diag-job-temp-memory-leak-validation cmd line argument. This will output the callstacks of the leaked allocations.
Number of updated asset objects reloaded before import = 0
Number of asset objects unloaded after import = 16
========================================================================
Received Import Request.
  Time since last request: 60.417186 seconds.
  path: Assets/03_Sprites/PlayerAnim/knive.vxm.png
  artifactKey: Guid(ad37a87dd3308f64a926a9291d6f7b86) Importer(815301076,1909f56bfc062723c751e8b465ee728b)
Start importing Assets/03_Sprites/PlayerAnim/knive.vxm.png using Guid(ad37a87dd3308f64a926a9291d6f7b86) Importer(815301076,1909f56bfc062723c751e8b465ee728b)  -> (artifact id: '8afacd2beb20619027993ed05c6a453a') in 0.025349 seconds
Internal: There are remaining Allocations on the JobTempAlloc. This is a leak, and will impact performance
To Debug, run app with -diag-job-temp-memory-leak-validation cmd line argument. This will output the callstacks of the leaked allocations.
Number of updated asset objects reloaded before import = 0
Number of asset objects unloaded after import = 2
========================================================================
Received Import Request.
  Time since last request: 56.242709 seconds.
  path: Assets/03_Sprites/Elements/PlayerAnim/knive.vxm
  artifactKey: Guid(b3c84500efdf1534683866d5d9d0bcde) Importer(815301076,1909f56bfc062723c751e8b465ee728b)
Start importing Assets/03_Sprites/Elements/PlayerAnim/knive.vxm using Guid(b3c84500efdf1534683866d5d9d0bcde) Importer(815301076,1909f56bfc062723c751e8b465ee728b)  -> (artifact id: 'f1492df4d09141271ca76da9ac737a00') in 0.001030 seconds
Internal: There are remaining Allocations on the JobTempAlloc. This is a leak, and will impact performance
To Debug, run app with -diag-job-temp-memory-leak-validation cmd line argument. This will output the callstacks of the leaked allocations.
Number of updated asset objects reloaded before import = 0
Number of asset objects unloaded after import = 1
========================================================================
Received Import Request.
  Time since last request: 4.461502 seconds.
  path: Assets/03_Sprites/Elements/PlayerAnim/knive.vox
  artifactKey: Guid(b985ec54da4426346a025874cf61c808) Importer(815301076,1909f56bfc062723c751e8b465ee728b)
Start importing Assets/03_Sprites/Elements/PlayerAnim/knive.vox using Guid(b985ec54da4426346a025874cf61c808) Importer(815301076,1909f56bfc062723c751e8b465ee728b)  -> (artifact id: '1a36209b207e38f6ddd9377cb88d0862') in 0.000842 seconds
Internal: There are remaining Allocations on the JobTempAlloc. This is a leak, and will impact performance
To Debug, run app with -diag-job-temp-memory-leak-validation cmd line argument. This will output the callstacks of the leaked allocations.
Number of updated asset objects reloaded before import = 0
Number of asset objects unloaded after import = 1
========================================================================
Received Import Request.
  Time since last request: 67.510552 seconds.
  path: Assets/03_Sprites/Elements/PlayerAnim/PlayerAnim.dae
  artifactKey: Guid(d52ef04bb99cfd241ae9676bf18769c2) Importer(815301076,1909f56bfc062723c751e8b465ee728b)
Start importing Assets/03_Sprites/Elements/PlayerAnim/PlayerAnim.dae using Guid(d52ef04bb99cfd241ae9676bf18769c2) Importer(815301076,1909f56bfc062723c751e8b465ee728b)  -> (artifact id: 'fa3e3fb667ebad8ff0080ccb6e735e19') in 0.138531 seconds
Internal: There are remaining Allocations on the JobTempAlloc. This is a leak, and will impact performance
To Debug, run app with -diag-job-temp-memory-leak-validation cmd line argument. This will output the callstacks of the leaked allocations.
Number of updated asset objects reloaded before import = 0
Number of asset objects unloaded after import = 107
========================================================================
Received Import Request.
  Time since last request: 302.246423 seconds.
  path: Assets/03_Sprites/Tree/Trhee.obj
  artifactKey: Guid(9feb0daeeedc7b642ab15dcf98ae2c19) Importer(815301076,1909f56bfc062723c751e8b465ee728b)
Start importing Assets/03_Sprites/Tree/Trhee.obj using Guid(9feb0daeeedc7b642ab15dcf98ae2c19) Importer(815301076,1909f56bfc062723c751e8b465ee728b)  -> (artifact id: '6520ab3ccb046aa5849b75d1ed0ab8b3') in 0.034881 seconds
Internal: There are remaining Allocations on the JobTempAlloc. This is a leak, and will impact performance
To Debug, run app with -diag-job-temp-memory-leak-validation cmd line argument. This will output the callstacks of the leaked allocations.
Number of updated asset objects reloaded before import = 0
Number of asset objects unloaded after import = 11
========================================================================
Received Import Request.
  Time since last request: 133.932483 seconds.
  path: Assets/03_Sprites/Map
  artifactKey: Guid(d196c6407d2a9ba4aae16c1c82ce362b) Importer(815301076,1909f56bfc062723c751e8b465ee728b)
Start importing Assets/03_Sprites/Map using Guid(d196c6407d2a9ba4aae16c1c82ce362b) Importer(815301076,1909f56bfc062723c751e8b465ee728b)  -> (artifact id: '5017e9641ffecd35dbde028c0319b432') in 0.000648 seconds
Internal: There are remaining Allocations on the JobTempAlloc. This is a leak, and will impact performance
To Debug, run app with -diag-job-temp-memory-leak-validation cmd line argument. This will output the callstacks of the leaked allocations.
Number of updated asset objects reloaded before import = 0
Number of asset objects unloaded after import = 0
========================================================================
Received Import Request.
  Time since last request: 11.510621 seconds.
  path: Assets/03_Sprites/Map/mapa.obj
  artifactKey: Guid(58147e2dc12de0845962a74e5abfcf23) Importer(815301076,1909f56bfc062723c751e8b465ee728b)
Start importing Assets/03_Sprites/Map/mapa.obj using Guid(58147e2dc12de0845962a74e5abfcf23) Importer(815301076,1909f56bfc062723c751e8b465ee728b)  -> (artifact id: '9c991b503f541a631525f473590fc47e') in 0.039502 seconds
Internal: There are remaining Allocations on the JobTempAlloc. This is a leak, and will impact performance
To Debug, run app with -diag-job-temp-memory-leak-validation cmd line argument. This will output the callstacks of the leaked allocations.
Number of updated asset objects reloaded before import = 0
Number of asset objects unloaded after import = 11
========================================================================
Received Prepare
Begin MonoManager ReloadAssembly
Internal: deleting an allocation that is older than its permitted lifetime of 4 frames (age = 12)
Internal: deleting an allocation that is older than its permitted lifetime of 4 frames (age = 12)
Internal: deleting an allocation that is older than its permitted lifetime of 4 frames (age = 13)
Internal: deleting an allocation that is older than its permitted lifetime of 4 frames (age = 13)
Symbol file LoadedFromMemory doesn't match image C:\Users\MSI RAIDER\The Ast\Library\PackageCache\com.unity.visualscripting@1.8.0\Editor\VisualScripting.Core\Dependencies\YamlDotNet\Unity.VisualScripting.YamlDotNet.dll
Symbol file LoadedFromMemory doesn't match image C:\Users\MSI RAIDER\The Ast\Library\PackageCache\com.unity.visualscripting@1.8.0\Editor\VisualScripting.Core\Dependencies\DotNetZip\Unity.VisualScripting.IonicZip.dll
- Loaded All Assemblies, in  0.699 seconds
Refreshing native plugins compatible for Editor in 3.40 ms, found 3 plugins.
Native extension for WindowsStandalone target not found
Native extension for WebGL target not found
Mono: successfully reloaded assembly
- Finished resetting the current domain, in  0.858 seconds
Domain Reload Profiling: 1554ms
	BeginReloadAssembly (144ms)
		ExecutionOrderSort (0ms)
		DisableScriptedObjects (4ms)
		BackupInstance (0ms)
		ReleaseScriptingObjects (0ms)
		CreateAndSetChildDomain (37ms)
	RebuildCommonClasses (42ms)
	RebuildNativeTypeToScriptingClass (12ms)
	initialDomainReloadingComplete (36ms)
	LoadAllAssembliesAndSetupDomain (462ms)
		LoadAssemblies (253ms)
		RebuildTransferFunctionScriptingTraits (0ms)
		AnalyzeDomain (269ms)
			TypeCache.Refresh (264ms)
				TypeCache.ScanAssembly (254ms)
			ScanForSourceGeneratedMonoScriptInfo (0ms)
			ResolveRequiredComponents (5ms)
	FinalizeReload (859ms)
		ReleaseScriptCaches (0ms)
		RebuildScriptCaches (0ms)
		SetupLoadedEditorAssemblies (390ms)
			LogAssemblyErrors (0ms)
			InitializePlatformSupportModulesInManaged (10ms)
			SetLoadedEditorAssemblies (5ms)
			RefreshPlugins (0ms)
			BeforeProcessingInitializeOnLoad (78ms)
			ProcessInitializeOnLoadAttributes (262ms)
			ProcessInitializeOnLoadMethodAttributes (23ms)
			AfterProcessingInitializeOnLoad (12ms)
			EditorAssembliesLoaded (0ms)
		ExecutionOrderSort2 (0ms)
		AwakeInstancesAfterBackupRestoration (11ms)
Refreshing native plugins compatible for Editor in 4.68 ms, found 3 plugins.
Preloading 0 native plugins for Editor in 0.00 ms.
Unloading 3112 Unused Serialized files (Serialized files now loaded: 0)
Unloading 22 unused Assets / (30.7 KB). Loaded Objects now: 3649.
Memory consumption went from 195.2 MB to 195.2 MB.
Total: 5.443000 ms (FindLiveObjects: 0.742100 ms CreateObjectMapping: 0.409800 ms MarkObjects: 4.154800 ms  DeleteObjects: 0.134100 ms)

Prepare: number of updated asset objects reloaded= 0
AssetImportParameters requested are different than current active one (requested -> active):
  custom:scripting/monoscript/fileName/PickUpObject.cs: fa5f1c9a3cf7d688b47733dbca26fc53 -> dbf6a95d0c0a5672c4de11b6a2dab3e0
  custom:container-demuxer-ogg: 62fdf1f143b41e24485cea50d1cbac27 -> 
  custom:video-decoder-ogg-theora: a1e56fd34408186e4bbccfd4996cb3dc -> 
  custom:scripting/monoscript/fileName/StatisticsPlayer.cs: 9dc10df0d1a07f4f229877358b0c6be0 -> 204cbde7408436f22d97f05c7fdba6d3
  custom:framework-win-MediaFoundation: 216162199b28c13a410421893ffa2e32 -> 
  custom:scripting/monoscript/fileName/PlayerController.cs: 5bb3fdd25abedb90511c7231fb5a2164 -> 007e2e63cbf915a2b71612a7f593548a
  custom:CustomObjectIndexerAttribute: 756ad292c208cfabdd7b50bc23989ffe -> 
  custom:scripting/monoscript/fileName/InventPlayer.cs: d7d940b1c10e8684db219f313df1d5cc -> 
  custom:container-demuxer-webm: 4f35f7cbe854078d1ac9338744f61a02 -> 
  custom:scripting/monoscript/fileName/Meet.cs: 3987a1b2d388dcfcfaa0805aad6fa500 -> 
  custom:container-muxer-webm: aa71ff27fc2769a1b78a27578f13a17b -> 
  custom:video-decoder-webm-vp8: 9c59270c3fd7afecdb556c50c9e8de78 -> 
  custom:AudioImporter_EditorPlatform: d09bf68614088b80899f8185d706f6e7 -> 
  custom:scripting/monoscript/fileName/PickObject.cs: b2492663c0540cd6213684a6f2a92858 -> 319343e0b2f4e83089152678edf55479
  custom:scripting/monoscript/fileName/MakeDamage.cs: 5192522f9490de8cf015574809a20461 -> 964effd5337fe5e3f041ecb09e9b7f95
  custom:video-encoder-webm-vp8: eb34c28f22e8b96e1ab97ce403110664 -> 
  custom:audio-decoder-ogg-vorbis: bf7c407c2cedff20999df2af8eb42d56 -> 
  custom:scripting/monoscript/fileName/DescriptionUI1.cs: 9de127c5e9c4e4da255d3a63ceb0b709 -> 
  custom:scripting/monoscript/fileName/ThirdPersonCamera.cs: 2c2025ecb22a29d0f156eb7b1f1b7100 -> 559e98b455aa331e3dbbc4a3e05e36cf
  custom:audio-encoder-webm-vorbis: bf7c407c2cedff20999df2af8eb42d56 -> 
========================================================================
Received Import Request.
  Time since last request: 103.376851 seconds.
  path: Assets/03_Sprites/Map/mapa.vox
  artifactKey: Guid(272ca5bd8260e4443868567bafe262a1) Importer(815301076,1909f56bfc062723c751e8b465ee728b)
Start importing Assets/03_Sprites/Map/mapa.vox using Guid(272ca5bd8260e4443868567bafe262a1) Importer(815301076,1909f56bfc062723c751e8b465ee728b)  -> (artifact id: 'fa834bc4b9be73ee8e2cb3c706543fcc') in 0.010745 seconds
Number of updated asset objects reloaded before import = 0
Number of asset objects unloaded after import = 1
========================================================================
Received Import Request.
  Time since last request: 5.328082 seconds.
  path: Assets/03_Sprites/Map/mapa.png
  artifactKey: Guid(790184b80b2a80e499af4a02b077fcb4) Importer(815301076,1909f56bfc062723c751e8b465ee728b)
Start importing Assets/03_Sprites/Map/mapa.png using Guid(790184b80b2a80e499af4a02b077fcb4) Importer(815301076,1909f56bfc062723c751e8b465ee728b)  -> (artifact id: '95e9ed906f9594a15e2348277f5b0255') in 0.050470 seconds
Number of updated asset objects reloaded before import = 0
Number of asset objects unloaded after import = 2
========================================================================
Received Import Request.
  Time since last request: 87.864276 seconds.
  path: Assets/02_Prefabs/Enemys_prefab/Enemy2 Variant.prefab
  artifactKey: Guid(29d4dd640f26f66488c546a932278a99) Importer(815301076,1909f56bfc062723c751e8b465ee728b)
Start importing Assets/02_Prefabs/Enemys_prefab/Enemy2 Variant.prefab using Guid(29d4dd640f26f66488c546a932278a99) Importer(815301076,1909f56bfc062723c751e8b465ee728b) The Animator Controller (AC_EnemyCaracolController) you have used is not valid. Animations will not play
UnityEngine.StackTraceUtility:ExtractStackTrace ()
UnityEditor.EditorUtility:Internal_InstantiateRemoveAllNonAnimationComponentsSingle (UnityEngine.Object,UnityEngine.Vector3,UnityEngine.Quaternion)
UnityEditor.EditorUtility:InstantiateRemoveAllNonAnimationComponents (UnityEngine.Object,UnityEngine.Vector3,UnityEngine.Quaternion)
UnityEditor.EditorUtility:InstantiateForAnimatorPreview (UnityEngine.Object)
UnityEditor.GameObjectInspector/PreviewData:UpdateGameObject (UnityEngine.Object)
UnityEditor.GameObjectInspector/PreviewData:.ctor (UnityEngine.Object,bool)
UnityEditor.GameObjectInspector:GetPreviewData (bool)
UnityEditor.GameObjectInspector:RenderStaticPreview (string,UnityEngine.Object[],int,int)
UnityEditor.AssetPreviewUpdater:CreatePreview (UnityEngine.Object,UnityEngine.Object[],string,int,int)
UnityEditor.AssetPreviewUpdater:CreatePreviewForAsset (UnityEngine.Object,UnityEngine.Object[],string)

[C:\build\output\unity\unity\Modules\Animation\Director\AnimatorControllerPlayable.cpp line 333]

The Animator Controller (AC_EnemyCaracolController) you have used is not valid. Animations will not play
UnityEngine.StackTraceUtility:ExtractStackTrace ()
UnityEngine.SceneManagement.SceneManager:MoveGameObjectToScene (UnityEngine.GameObject,UnityEngine.SceneManagement.Scene)
UnityEditor.PreviewScene:AddManagedGO (UnityEngine.GameObject)
UnityEditor.PreviewRenderUtility:AddManagedGO (UnityEngine.GameObject)
UnityEditor.GameObjectInspector/PreviewData:UpdateGameObject (UnityEngine.Object)
UnityEditor.GameObjectInspector/PreviewData:.ctor (UnityEngine.Object,bool)
UnityEditor.GameObjectInspector:GetPreviewData (bool)
UnityEditor.GameObjectInspector:RenderStaticPreview (string,UnityEngine.Object[],int,int)
UnityEditor.AssetPreviewUpdater:CreatePreview (UnityEngine.Object,UnityEngine.Object[],string,int,int)
UnityEditor.AssetPreviewUpdater:CreatePreviewForAsset (UnityEngine.Object,UnityEngine.Object[],string)

[C:\build\output\unity\unity\Modules\Animation\Director\AnimatorControllerPlayable.cpp line 333]

 -> (artifact id: 'c47b56e771d2b2efc9e30fd9dab09497') in 0.064332 seconds
Internal: There are remaining Allocations on the JobTempAlloc. This is a leak, and will impact performance
To Debug, run app with -diag-job-temp-memory-leak-validation cmd line argument. This will output the callstacks of the leaked allocations.
Number of updated asset objects reloaded before import = 0
Number of asset objects unloaded after import = 190
========================================================================
Received Import Request.
  Time since last request: 11.045297 seconds.
  path: Assets/02_Prefabs/Enemys_prefab/Enemy_caracol.prefab
  artifactKey: Guid(29d4dd640f26f66488c546a932278a99) Importer(815301076,1909f56bfc062723c751e8b465ee728b)
Start importing Assets/02_Prefabs/Enemys_prefab/Enemy_caracol.prefab using Guid(29d4dd640f26f66488c546a932278a99) Importer(815301076,1909f56bfc062723c751e8b465ee728b) The Animator Controller (AC_EnemyCaracolController) you have used is not valid. Animations will not play
UnityEngine.StackTraceUtility:ExtractStackTrace ()
UnityEditor.EditorUtility:Internal_InstantiateRemoveAllNonAnimationComponentsSingle (UnityEngine.Object,UnityEngine.Vector3,UnityEngine.Quaternion)
UnityEditor.EditorUtility:InstantiateRemoveAllNonAnimationComponents (UnityEngine.Object,UnityEngine.Vector3,UnityEngine.Quaternion)
UnityEditor.EditorUtility:InstantiateForAnimatorPreview (UnityEngine.Object)
UnityEditor.GameObjectInspector/PreviewData:UpdateGameObject (UnityEngine.Object)
UnityEditor.GameObjectInspector/PreviewData:.ctor (UnityEngine.Object,bool)
UnityEditor.GameObjectInspector:GetPreviewData (bool)
UnityEditor.GameObjectInspector:RenderStaticPreview (string,UnityEngine.Object[],int,int)
UnityEditor.AssetPreviewUpdater:CreatePreview (UnityEngine.Object,UnityEngine.Object[],string,int,int)
UnityEditor.AssetPreviewUpdater:CreatePreviewForAsset (UnityEngine.Object,UnityEngine.Object[],string)

[C:\build\output\unity\unity\Modules\Animation\Director\AnimatorControllerPlayable.cpp line 333]

The Animator Controller (AC_EnemyCaracolController) you have used is not valid. Animations will not play
UnityEngine.StackTraceUtility:ExtractStackTrace ()
UnityEngine.SceneManagement.SceneManager:MoveGameObjectToScene (UnityEngine.GameObject,UnityEngine.SceneManagement.Scene)
UnityEditor.PreviewScene:AddManagedGO (UnityEngine.GameObject)
UnityEditor.PreviewRenderUtility:AddManagedGO (UnityEngine.GameObject)
UnityEditor.GameObjectInspector/PreviewData:UpdateGameObject (UnityEngine.Object)
UnityEditor.GameObjectInspector/PreviewData:.ctor (UnityEngine.Object,bool)
UnityEditor.GameObjectInspector:GetPreviewData (bool)
UnityEditor.GameObjectInspector:RenderStaticPreview (string,UnityEngine.Object[],int,int)
UnityEditor.AssetPreviewUpdater:CreatePreview (UnityEngine.Object,UnityEngine.Object[],string,int,int)
UnityEditor.AssetPreviewUpdater:CreatePreviewForAsset (UnityEngine.Object,UnityEngine.Object[],string)

[C:\build\output\unity\unity\Modules\Animation\Director\AnimatorControllerPlayable.cpp line 333]

 -> (artifact id: '645d77db624a4bb8b1d19a999a5a3f46') in 0.018312 seconds
Internal: There are remaining Allocations on the JobTempAlloc. This is a leak, and will impact performance
To Debug, run app with -diag-job-temp-memory-leak-validation cmd line argument. This will output the callstacks of the leaked allocations.
Number of updated asset objects reloaded before import = 0
Number of asset objects unloaded after import = 190
========================================================================
Received Import Request.
  Time since last request: 385.646341 seconds.
  path: Assets/02_Prefabs/Insect
  artifactKey: Guid(98c45e91f9c824047892f66424ccf94d) Importer(815301076,1909f56bfc062723c751e8b465ee728b)
Start importing Assets/02_Prefabs/Insect using Guid(98c45e91f9c824047892f66424ccf94d) Importer(815301076,1909f56bfc062723c751e8b465ee728b)  -> (artifact id: '6c1095d79d353c89266d2f6c48c12613') in 0.000736 seconds
Internal: There are remaining Allocations on the JobTempAlloc. This is a leak, and will impact performance
To Debug, run app with -diag-job-temp-memory-leak-validation cmd line argument. This will output the callstacks of the leaked allocations.
Number of updated asset objects reloaded before import = 0
Number of asset objects unloaded after import = 0
========================================================================
Received Import Request.
  Time since last request: 4.589054 seconds.
  path: Assets/02_Prefabs/Insect/Animal.prefab
  artifactKey: Guid(81293e681fd32ef4a98d88d13f24a268) Importer(815301076,1909f56bfc062723c751e8b465ee728b)
Start importing Assets/02_Prefabs/Insect/Animal.prefab using Guid(81293e681fd32ef4a98d88d13f24a268) Importer(815301076,1909f56bfc062723c751e8b465ee728b)  -> (artifact id: 'd7ec17c591d2d4caf8daeb339a75f07e') in 0.030332 seconds
Internal: There are remaining Allocations on the JobTempAlloc. This is a leak, and will impact performance
To Debug, run app with -diag-job-temp-memory-leak-validation cmd line argument. This will output the callstacks of the leaked allocations.
Number of updated asset objects reloaded before import = 0
Number of asset objects unloaded after import = 227
========================================================================
Received Import Request.
  Time since last request: 4.476751 seconds.
  path: Assets/02_Prefabs/Insect/Ant.prefab
  artifactKey: Guid(81293e681fd32ef4a98d88d13f24a268) Importer(815301076,1909f56bfc062723c751e8b465ee728b)
Start importing Assets/02_Prefabs/Insect/Ant.prefab using Guid(81293e681fd32ef4a98d88d13f24a268) Importer(815301076,1909f56bfc062723c751e8b465ee728b)  -> (artifact id: 'ae88a8bf3e6760d8df17a5e68fe1a116') in 0.019725 seconds
Internal: There are remaining Allocations on the JobTempAlloc. This is a leak, and will impact performance
To Debug, run app with -diag-job-temp-memory-leak-validation cmd line argument. This will output the callstacks of the leaked allocations.
Number of updated asset objects reloaded before import = 0
Number of asset objects unloaded after import = 227
========================================================================
Received Import Request.
  Time since last request: 3.233760 seconds.
  path: Assets/02_Prefabs/Insect/Animal (1).prefab
  artifactKey: Guid(e0a85c34a4260584f98da171bb278d41) Importer(815301076,1909f56bfc062723c751e8b465ee728b)
Start importing Assets/02_Prefabs/Insect/Animal (1).prefab using Guid(e0a85c34a4260584f98da171bb278d41) Importer(815301076,1909f56bfc062723c751e8b465ee728b)  -> (artifact id: 'a2e106354a5108f4c057d1264702b182') in 0.024576 seconds
Internal: There are remaining Allocations on the JobTempAlloc. This is a leak, and will impact performance
To Debug, run app with -diag-job-temp-memory-leak-validation cmd line argument. This will output the callstacks of the leaked allocations.
Number of updated asset objects reloaded before import = 0
Number of asset objects unloaded after import = 147
========================================================================
Received Import Request.
  Time since last request: 7.043131 seconds.
  path: Assets/02_Prefabs/Insect/Scarabaj.prefab
  artifactKey: Guid(e0a85c34a4260584f98da171bb278d41) Importer(815301076,1909f56bfc062723c751e8b465ee728b)
Start importing Assets/02_Prefabs/Insect/Scarabaj.prefab using Guid(e0a85c34a4260584f98da171bb278d41) Importer(815301076,1909f56bfc062723c751e8b465ee728b)  -> (artifact id: '1c180a4ab09f5f32d713884adacc144f') in 0.016920 seconds
Internal: There are remaining Allocations on the JobTempAlloc. This is a leak, and will impact performance
To Debug, run app with -diag-job-temp-memory-leak-validation cmd line argument. This will output the callstacks of the leaked allocations.
Number of updated asset objects reloaded before import = 0
Number of asset objects unloaded after import = 147
